\BOOKMARK [0][-]{chapter.1}{\376\377\0001\000\040\000R\000E\000A\000D\000M\000E\000.\000m\000d\000\040\000A\000c\000t\000u\000a\000l\000i\000z\000a\000d\000o}{}% 1
\BOOKMARK [1][-]{section.1.1}{\376\377\0001\000.\0001\000\040\000P\000a\000r\000t\000e\000\040\000B\0002\000:\000\040\000I\000n\000t\000e\000g\000r\000a\000c\000i\000\363\000n\000\040\000d\000e\000\040\000e\000\050\000-\000x\0002\000\051\000\040\000p\000o\000r\000\040\000M\000o\000n\000t\000e\000\040\000C\000a\000r\000l\000o}{chapter.1}% 2
\BOOKMARK [2][-]{subsection.1.1.1}{\376\377\0001\000.\0001\000.\0001\000\040\000D\000e\000s\000c\000r\000i\000p\000c\000i\000\363\000n}{section.1.1}% 3
\BOOKMARK [3][-]{subsubsection.1.1.1.1}{\376\377\0001\000.\0001\000.\0001\000.\0001\000\040\000C\000l\000a\000s\000e\000s\000\040\000P\000r\000i\000n\000c\000i\000p\000a\000l\000e\000s\000:}{subsection.1.1.1}% 4
\BOOKMARK [2][-]{subsection.1.1.2}{\376\377\0001\000.\0001\000.\0002\000\040\000E\000s\000t\000r\000u\000c\000t\000u\000r\000a\000\040\000d\000e\000l\000\040\000D\000i\000r\000e\000c\000t\000o\000r\000i\000o\000\040\000<\000t\000t\000>\000P\000a\000r\000t\000e\000B\0002\000<\000/\000t\000t\000>}{section.1.1}% 5
\BOOKMARK [2][-]{subsection.1.1.3}{\376\377\0001\000.\0001\000.\0003\000\040\000F\000l\000u\000j\000o\000\040\000d\000e\000\040\000T\000r\000a\000b\000a\000j\000o\000\040\000R\000e\000c\000o\000m\000e\000n\000d\000a\000d\000o}{section.1.1}% 6
\BOOKMARK [3][-]{subsubsection.1.1.3.1}{\376\377\0001\000.\0001\000.\0003\000.\0001\000\040\0001\000\134\000.\000\040\000C\000o\000m\000p\000i\000l\000a\000c\000i\000\363\000n}{subsection.1.1.3}% 7
\BOOKMARK [3][-]{subsubsection.1.1.3.2}{\376\377\0001\000.\0001\000.\0003\000.\0002\000\040\0002\000\134\000.\000\040\000E\000j\000e\000c\000u\000c\000i\000\363\000n\000\040\000d\000e\000\040\000l\000a\000\040\000S\000i\000m\000u\000l\000a\000c\000i\000\363\000n}{subsection.1.1.3}% 8
\BOOKMARK [3][-]{subsubsection.1.1.3.3}{\376\377\0001\000.\0001\000.\0003\000.\0003\000\040\0003\000\134\000.\000\040\000V\000i\000s\000u\000a\000l\000i\000z\000a\000c\000i\000\363\000n\000\040\000d\000e\000\040\000R\000e\000s\000u\000l\000t\000a\000d\000o\000s}{subsection.1.1.3}% 9
\BOOKMARK [2][-]{subsection.1.1.4}{\376\377\0001\000.\0001\000.\0004\000\040\000O\000p\000c\000i\000o\000n\000e\000s\000\040\000A\000v\000a\000n\000z\000a\000d\000a\000s}{section.1.1}% 10
\BOOKMARK [3][-]{subsubsection.1.1.4.1}{\376\377\0001\000.\0001\000.\0004\000.\0001\000\040\000E\000j\000e\000c\000u\000c\000i\000\363\000n\000\040\000M\000a\000n\000u\000a\000l}{subsection.1.1.4}% 11
\BOOKMARK [3][-]{subsubsection.1.1.4.2}{\376\377\0001\000.\0001\000.\0004\000.\0002\000\040\000D\000o\000c\000u\000m\000e\000n\000t\000a\000c\000i\000\363\000n}{subsection.1.1.4}% 12
\BOOKMARK [0][-]{chapter.2}{\376\377\0002\000\040\000C\000l\000a\000s\000s\000\040\000I\000n\000d\000e\000x}{}% 13
\BOOKMARK [1][-]{section.2.1}{\376\377\0002\000.\0001\000\040\000C\000l\000a\000s\000s\000\040\000L\000i\000s\000t}{chapter.2}% 14
\BOOKMARK [0][-]{chapter.3}{\376\377\0003\000\040\000F\000i\000l\000e\000\040\000I\000n\000d\000e\000x}{}% 15
\BOOKMARK [1][-]{section.3.1}{\376\377\0003\000.\0001\000\040\000F\000i\000l\000e\000\040\000L\000i\000s\000t}{chapter.3}% 16
\BOOKMARK [0][-]{chapter.4}{\376\377\0004\000\040\000C\000l\000a\000s\000s\000\040\000D\000o\000c\000u\000m\000e\000n\000t\000a\000t\000i\000o\000n}{}% 17
\BOOKMARK [1][-]{section.4.1}{\376\377\0004\000.\0001\000\040\000I\000n\000t\000e\000g\000r\000a\000d\000o\000r\000M\000o\000n\000t\000e\000C\000a\000r\000l\000o\000\040\000C\000l\000a\000s\000s\000\040\000R\000e\000f\000e\000r\000e\000n\000c\000e}{chapter.4}% 18
\BOOKMARK [2][-]{subsection.4.1.1}{\376\377\0004\000.\0001\000.\0001\000\040\000D\000e\000t\000a\000i\000l\000e\000d\000\040\000D\000e\000s\000c\000r\000i\000p\000t\000i\000o\000n}{section.4.1}% 19
\BOOKMARK [2][-]{subsection.4.1.2}{\376\377\0004\000.\0001\000.\0002\000\040\000M\000e\000m\000b\000e\000r\000\040\000T\000y\000p\000e\000d\000e\000f\000\040\000D\000o\000c\000u\000m\000e\000n\000t\000a\000t\000i\000o\000n}{section.4.1}% 20
\BOOKMARK [3][-]{subsubsection.4.1.2.1}{\376\377\0004\000.\0001\000.\0002\000.\0001\000\040\000F\000u\000n\000c\000i\000o\000n\000U\000n\000i\000v\000a\000r\000i\000a\000b\000l\000e}{subsection.4.1.2}% 21
\BOOKMARK [2][-]{subsection.4.1.3}{\376\377\0004\000.\0001\000.\0003\000\040\000C\000o\000n\000s\000t\000r\000u\000c\000t\000o\000r\000\040\000\046\000\040\000D\000e\000s\000t\000r\000u\000c\000t\000o\000r\000\040\000D\000o\000c\000u\000m\000e\000n\000t\000a\000t\000i\000o\000n}{section.4.1}% 22
\BOOKMARK [3][-]{subsubsection.4.1.3.1}{\376\377\0004\000.\0001\000.\0003\000.\0001\000\040\000I\000n\000t\000e\000g\000r\000a\000d\000o\000r\000M\000o\000n\000t\000e\000C\000a\000r\000l\000o\000\050\000\051}{subsection.4.1.3}% 23
\BOOKMARK [2][-]{subsection.4.1.4}{\376\377\0004\000.\0001\000.\0004\000\040\000M\000e\000m\000b\000e\000r\000\040\000F\000u\000n\000c\000t\000i\000o\000n\000\040\000D\000o\000c\000u\000m\000e\000n\000t\000a\000t\000i\000o\000n}{section.4.1}% 24
\BOOKMARK [3][-]{subsubsection.4.1.4.1}{\376\377\0004\000.\0001\000.\0004\000.\0001\000\040\000C\000a\000l\000c\000u\000l\000a\000r\000I\000n\000t\000e\000g\000r\000a\000l\000S\000i\000m\000p\000l\000e\000\050\000\051}{subsection.4.1.4}% 25
\BOOKMARK [2][-]{subsection.4.1.5}{\376\377\0004\000.\0001\000.\0005\000\040\000M\000e\000m\000b\000e\000r\000\040\000D\000a\000t\000a\000\040\000D\000o\000c\000u\000m\000e\000n\000t\000a\000t\000i\000o\000n}{section.4.1}% 26
\BOOKMARK [3][-]{subsubsection.4.1.5.1}{\376\377\0004\000.\0001\000.\0005\000.\0001\000\040\000d\000i\000s\000t\000r\000i\000b\000u\000c\000i\000o\000n\000\137\000u\000n\000i\000f\000o\000r\000m\000e}{subsection.4.1.5}% 27
\BOOKMARK [3][-]{subsubsection.4.1.5.2}{\376\377\0004\000.\0001\000.\0005\000.\0002\000\040\000f\000u\000n\000c\000\137\000a\000\137\000i\000n\000t\000e\000g\000r\000a\000r}{subsection.4.1.5}% 28
\BOOKMARK [3][-]{subsubsection.4.1.5.3}{\376\377\0004\000.\0001\000.\0005\000.\0003\000\040\000g\000e\000n}{subsection.4.1.5}% 29
\BOOKMARK [3][-]{subsubsection.4.1.5.4}{\376\377\0004\000.\0001\000.\0005\000.\0004\000\040\000l\000i\000m\000i\000t\000e\000\137\000i\000n\000f\000e\000r\000i\000o\000r}{subsection.4.1.5}% 30
\BOOKMARK [3][-]{subsubsection.4.1.5.5}{\376\377\0004\000.\0001\000.\0005\000.\0005\000\040\000l\000i\000m\000i\000t\000e\000\137\000s\000u\000p\000e\000r\000i\000o\000r}{subsection.4.1.5}% 31
\BOOKMARK [0][-]{chapter.5}{\376\377\0005\000\040\000F\000i\000l\000e\000\040\000D\000o\000c\000u\000m\000e\000n\000t\000a\000t\000i\000o\000n}{}% 32
\BOOKMARK [1][-]{section.5.1}{\376\377\0005\000.\0001\000\040\000I\000n\000t\000e\000g\000r\000a\000d\000o\000r\000M\000o\000n\000t\000e\000C\000a\000r\000l\000o\000.\000h\000\040\000F\000i\000l\000e\000\040\000R\000e\000f\000e\000r\000e\000n\000c\000e}{chapter.5}% 33
\BOOKMARK [1][-]{section.5.2}{\376\377\0005\000.\0002\000\040\000I\000n\000t\000e\000g\000r\000a\000d\000o\000r\000M\000o\000n\000t\000e\000C\000a\000r\000l\000o\000.\000h}{chapter.5}% 34
\BOOKMARK [1][-]{section.5.3}{\376\377\0005\000.\0003\000\040\000R\000E\000A\000D\000M\000E\000.\000m\000d\000\040\000F\000i\000l\000e\000\040\000R\000e\000f\000e\000r\000e\000n\000c\000e}{chapter.5}% 35
\BOOKMARK [1][-]{section.5.4}{\376\377\0005\000.\0004\000\040\000I\000n\000t\000e\000g\000r\000a\000d\000o\000r\000M\000o\000n\000t\000e\000C\000a\000r\000l\000o\000.\000c\000p\000p\000\040\000F\000i\000l\000e\000\040\000R\000e\000f\000e\000r\000e\000n\000c\000e}{chapter.5}% 36
\BOOKMARK [1][-]{section.5.5}{\376\377\0005\000.\0005\000\040\000I\000n\000t\000e\000g\000r\000a\000d\000o\000r\000M\000o\000n\000t\000e\000C\000a\000r\000l\000o\000.\000c\000p\000p}{chapter.5}% 37
\BOOKMARK [1][-]{section.5.6}{\376\377\0005\000.\0006\000\040\000m\000a\000i\000n\000\137\000m\000o\000n\000t\000e\000c\000a\000r\000l\000o\000\137\000i\000n\000t\000e\000g\000r\000a\000l\000.\000c\000p\000p\000\040\000F\000i\000l\000e\000\040\000R\000e\000f\000e\000r\000e\000n\000c\000e}{chapter.5}% 38
\BOOKMARK [2][-]{subsection.5.6.1}{\376\377\0005\000.\0006\000.\0001\000\040\000M\000a\000c\000r\000o\000\040\000D\000e\000f\000i\000n\000i\000t\000i\000o\000n\000\040\000D\000o\000c\000u\000m\000e\000n\000t\000a\000t\000i\000o\000n}{section.5.6}% 39
\BOOKMARK [3][-]{subsubsection.5.6.1.1}{\376\377\0005\000.\0006\000.\0001\000.\0001\000\040\000M\000\137\000P\000I}{subsection.5.6.1}% 40
\BOOKMARK [2][-]{subsection.5.6.2}{\376\377\0005\000.\0006\000.\0002\000\040\000F\000u\000n\000c\000t\000i\000o\000n\000\040\000D\000o\000c\000u\000m\000e\000n\000t\000a\000t\000i\000o\000n}{section.5.6}% 41
\BOOKMARK [3][-]{subsubsection.5.6.2.1}{\376\377\0005\000.\0006\000.\0002\000.\0001\000\040\000f\000u\000n\000c\000i\000o\000n\000\137\000a\000\137\000i\000n\000t\000e\000g\000r\000a\000r\000\137\000e\000x\000p\000\137\000n\000e\000g\000\137\000x\000\137\000c\000u\000a\000d\000r\000a\000d\000o\000\050\000\051}{subsection.5.6.2}% 42
\BOOKMARK [3][-]{subsubsection.5.6.2.2}{\376\377\0005\000.\0006\000.\0002\000.\0002\000\040\000m\000a\000i\000n\000\050\000\051}{subsection.5.6.2}% 43
\BOOKMARK [1][-]{section.5.7}{\376\377\0005\000.\0007\000\040\000m\000a\000i\000n\000\137\000m\000o\000n\000t\000e\000c\000a\000r\000l\000o\000\137\000i\000n\000t\000e\000g\000r\000a\000l\000.\000c\000p\000p}{chapter.5}% 44
